<?xml version="1.0" encoding="UTF-8"?>
<!-- Generated by org.testng.reporters.JUnitReportReporter -->
<testsuite hostname="PNQ1-LP2VSVXD3" failures="0" tests="2" name="TestRunner.TestRunner" time="16.064" errors="0" timestamp="2022-07-01T12:57:11 IST" skipped="0">
  <testcase classname="TestRunner.TestRunner" name="runScenario" time="0.101"/>
  <system-out/>
  <testcase classname="TestRunner.TestRunner" name="runScenario" time="15.963"/>
  <system-out/>
</testsuite> <!-- TestRunner.TestRunner -->
